<?xml version="1.0" encoding="UTF-8"?>
<testng-results ignored="0" total="1" passed="1" failed="0" skipped="0">
  <reporter-output>
  </reporter-output>
  <suite started-at="2021-12-03T03:15:59 IST" name="Default suite" finished-at="2021-12-03T03:16:06 IST" duration-ms="6391">
    <groups>
    </groups>
    <test started-at="2021-12-03T03:15:59 IST" name="Default test" finished-at="2021-12-03T03:16:06 IST" duration-ms="6391">
      <class name="qaPract.YahooLogin">
        <test-method signature="login()[pri:0, instance:qaPract.YahooLogin@1de76cc7]" started-at="2021-12-03T03:15:59 IST" name="login" finished-at="2021-12-03T03:16:06 IST" duration-ms="6360" status="PASS">
          <reporter-output>
          </reporter-output>
        </test-method> <!-- login -->
      </class> <!-- qaPract.YahooLogin -->
    </test> <!-- Default test -->
  </suite> <!-- Default suite -->
</testng-results>
